<?xml version="1.0" encoding="UTF-8"?>
<testng-results ignored="0" total="1" passed="1" failed="0" skipped="0">
  <reporter-output>
  </reporter-output>
  <suite started-at="2021-10-28T07:53:48 IST" name="Default suite" finished-at="2021-10-28T07:53:55 IST" duration-ms="6953">
    <groups>
      <group name="cucumber">
        <method signature="AbstractTestNGCucumberTests.runScenario(io.cucumber.testng.PickleWrapper,io.cucumber.testng.FeatureWrapper)[pri:0, instance:com.mindtree.Runner.HomeCentreRunner@25fb8912]" name="runScenario" class="io.cucumber.testng.AbstractTestNGCucumberTests"/>
      </group> <!-- cucumber -->
    </groups>
    <test started-at="2021-10-28T07:53:48 IST" name="Default test" finished-at="2021-10-28T07:53:55 IST" duration-ms="6953">
      <class name="com.mindtree.Runner.HomeCentreRunner">
        <test-method is-config="true" signature="setUpClass(org.testng.ITestContext)[pri:0, instance:com.mindtree.Runner.HomeCentreRunner@25fb8912]" started-at="2021-10-28T07:53:48 IST" name="setUpClass" finished-at="2021-10-28T07:53:48 IST" duration-ms="220" status="PASS">
          <params>
            <param index="0">
              <value>
                <![CDATA[org.testng.TestRunner@1a5f7e7c]]>
              </value>
            </param>
          </params>
          <reporter-output>
          </reporter-output>
        </test-method> <!-- setUpClass -->
        <test-method signature="runScenario(io.cucumber.testng.PickleWrapper,io.cucumber.testng.FeatureWrapper)[pri:0, instance:com.mindtree.Runner.HomeCentreRunner@25fb8912]" started-at="2021-10-28T07:53:48 IST" name="runScenario" description="Runs Cucumber Scenarios" data-provider="scenarios" finished-at="2021-10-28T07:53:55 IST" duration-ms="6694" status="PASS">
          <params>
            <param index="0">
              <value>
                <![CDATA["The HomeCentre URL is navigated to"]]>
              </value>
            </param>
            <param index="1">
              <value>
                <![CDATA["Optional[HomeCentre Website URL check]"]]>
              </value>
            </param>
          </params>
          <reporter-output>
          </reporter-output>
        </test-method> <!-- runScenario -->
        <test-method is-config="true" signature="tearDownClass()[pri:0, instance:com.mindtree.Runner.HomeCentreRunner@25fb8912]" started-at="2021-10-28T07:53:55 IST" name="tearDownClass" finished-at="2021-10-28T07:53:55 IST" duration-ms="2" status="PASS">
          <reporter-output>
          </reporter-output>
        </test-method> <!-- tearDownClass -->
      </class> <!-- com.mindtree.Runner.HomeCentreRunner -->
    </test> <!-- Default test -->
  </suite> <!-- Default suite -->
</testng-results>
